<?xml version="1.0" encoding="UTF-8"?>
<testng-results ignored="0" total="0" passed="0" failed="0" skipped="0">
  <reporter-output>
  </reporter-output>
  <suite started-at="2022-12-30T14:08:51Z" name="Suite" finished-at="2022-12-30T14:08:51Z" duration-ms="271">
    <groups>
      <group name="cucumber">
        <method signature="AbstractTestNGCucumberTests.runScenario(io.cucumber.testng.PickleWrapper, io.cucumber.testng.FeatureWrapper)[pri:0, instance:testrunners.MyTestRunnerForCross@265adfad]" name="runScenario" class="io.cucumber.testng.AbstractTestNGCucumberTests"/>
        <method signature="AbstractTestNGCucumberTests.runScenario(io.cucumber.testng.PickleWrapper, io.cucumber.testng.FeatureWrapper)[pri:0, instance:testrunners.MyTestRunnerForCross@7f0d96f2]" name="runScenario" class="io.cucumber.testng.AbstractTestNGCucumberTests"/>
      </group> <!-- cucumber -->
    </groups>
    <test started-at="2022-12-30T14:08:51Z" name="EdgeTest" finished-at="2022-12-30T14:08:51Z" duration-ms="271">
      <class name="testrunners.MyTestRunnerForCross">
        <test-method is-config="true" signature="setup(java.lang.String)[pri:0, instance:testrunners.MyTestRunnerForCross@7f0d96f2]" started-at="2022-12-30T14:08:51Z" name="setup" finished-at="2022-12-30T14:08:51Z" duration-ms="0" status="FAIL">
          <exception class="org.testng.TestNGException">
            <message>
              <![CDATA[
Parameter 'browser' is required by BeforeSuite on method setup but has not been marked @Optional or defined
in D:\Mouli bkp\PracticeFrameworkBdd\crossbrow.xml]]>
            </message>
            <full-stacktrace>
              <![CDATA[org.testng.TestNGException: 
Parameter 'browser' is required by BeforeSuite on method setup but has not been marked @Optional or defined
in D:\Mouli bkp\PracticeFrameworkBdd\crossbrow.xml
at org.testng.internal.Parameters.createParams(Parameters.java:290)
at org.testng.internal.Parameters.createParametersForMethod(Parameters.java:359)
at org.testng.internal.Parameters.createParameters(Parameters.java:620)
at org.testng.internal.Parameters.createConfigurationParameters(Parameters.java:190)
at org.testng.internal.Invoker.invokeConfigurations(Invoker.java:209)
at org.testng.internal.Invoker.invokeConfigurations(Invoker.java:142)
at org.testng.SuiteRunner.privateRun(SuiteRunner.java:401)
at org.testng.SuiteRunner.run(SuiteRunner.java:364)
at org.testng.SuiteRunnerWorker.runSuite(SuiteRunnerWorker.java:52)
at org.testng.SuiteRunnerWorker.run(SuiteRunnerWorker.java:84)
at org.testng.TestNG.runSuitesSequentially(TestNG.java:1208)
at org.testng.TestNG.runSuitesLocally(TestNG.java:1137)
at org.testng.TestNG.runSuites(TestNG.java:1049)
at org.testng.TestNG.run(TestNG.java:1017)
at org.testng.remote.AbstractRemoteTestNG.run(AbstractRemoteTestNG.java:115)
at org.testng.remote.RemoteTestNG.initAndRun(RemoteTestNG.java:251)
at org.testng.remote.RemoteTestNG.main(RemoteTestNG.java:77)
]]>
            </full-stacktrace>
          </exception> <!-- org.testng.TestNGException -->
          <reporter-output>
          </reporter-output>
        </test-method> <!-- setup -->
        <test-method is-config="true" signature="setUpClass()[pri:0, instance:testrunners.MyTestRunnerForCross@7f0d96f2]" started-at="2022-12-30T14:08:51Z" name="setUpClass" finished-at="2022-12-30T14:08:51Z" duration-ms="241" status="PASS">
          <reporter-output>
          </reporter-output>
        </test-method> <!-- setUpClass -->
        <test-method is-config="true" signature="tearDown()[pri:0, instance:testrunners.MyTestRunnerForCross@7f0d96f2]" started-at="2022-12-30T14:08:51Z" name="tearDown" finished-at="2022-12-30T14:08:51Z" duration-ms="0" status="SKIP">
          <reporter-output>
          </reporter-output>
        </test-method> <!-- tearDown -->
        <test-method is-config="true" signature="tearDownClass()[pri:0, instance:testrunners.MyTestRunnerForCross@7f0d96f2]" started-at="2022-12-30T14:08:51Z" name="tearDownClass" finished-at="2022-12-30T14:08:51Z" duration-ms="15" status="PASS">
          <reporter-output>
          </reporter-output>
        </test-method> <!-- tearDownClass -->
      </class> <!-- testrunners.MyTestRunnerForCross -->
    </test> <!-- EdgeTest -->
    <test started-at="2022-12-30T14:08:51Z" name="ChromeTest" finished-at="2022-12-30T14:08:51Z" duration-ms="271">
      <class name="testrunners.MyTestRunnerForCross">
        <test-method is-config="true" signature="setUpClass()[pri:0, instance:testrunners.MyTestRunnerForCross@265adfad]" started-at="2022-12-30T14:08:51Z" name="setUpClass" finished-at="2022-12-30T14:08:51Z" duration-ms="241" status="PASS">
          <reporter-output>
          </reporter-output>
        </test-method> <!-- setUpClass -->
        <test-method is-config="true" signature="tearDown()[pri:0, instance:testrunners.MyTestRunnerForCross@265adfad]" started-at="2022-12-30T14:08:51Z" name="tearDown" finished-at="2022-12-30T14:08:51Z" duration-ms="0" status="SKIP">
          <reporter-output>
          </reporter-output>
        </test-method> <!-- tearDown -->
        <test-method is-config="true" signature="tearDownClass()[pri:0, instance:testrunners.MyTestRunnerForCross@265adfad]" started-at="2022-12-30T14:08:51Z" name="tearDownClass" finished-at="2022-12-30T14:08:51Z" duration-ms="16" status="PASS">
          <reporter-output>
          </reporter-output>
        </test-method> <!-- tearDownClass -->
      </class> <!-- testrunners.MyTestRunnerForCross -->
    </test> <!-- ChromeTest -->
  </suite> <!-- Suite -->
</testng-results>
