<?xml version="1.0" encoding="UTF-8"?>
<!-- Generated by org.testng.reporters.JUnitXMLReporter -->
<testsuite ignored="0" hostname="IVILTPRCL039" failures="0" tests="0" name="EdgeTest" time="0.271" errors="0" timestamp="30 Dec 2022 14:08:51 GMT">
  <testcase classname="testrunners.MyTestRunnerForCross" name="@BeforeSuite setup" time="0.0">
    <failure type="org.testng.TestNGException" message="
Parameter &amp;apos;browser&amp;apos; is required by BeforeSuite on method setup but has not been marked @Optional or defined
in D:\Mouli bkp\PracticeFrameworkBdd\crossbrow.xml">
      <![CDATA[org.testng.TestNGException: 
Parameter 'browser' is required by BeforeSuite on method setup but has not been marked @Optional or defined
in D:\Mouli bkp\PracticeFrameworkBdd\crossbrow.xml
... Removed 17 stack frames]]>
    </failure>
  </testcase> <!-- @BeforeSuite setup -->
  <testcase classname="testrunners.MyTestRunnerForCross" name="@AfterClass tearDown" time="0.0">
    <skipped/>
  </testcase> <!-- @AfterClass tearDown -->
</testsuite> <!-- EdgeTest -->
